<?xml version="1.0" encoding="UTF-8"?>
<testng-results ignored="0" total="1" passed="1" failed="0" skipped="0">
  <reporter-output>
  </reporter-output>
  <suite started-at="2024-03-13T22:56:32 IST" name="Default suite" finished-at="2024-03-13T22:56:53 IST" duration-ms="20930">
    <groups>
    </groups>
    <test started-at="2024-03-13T22:56:32 IST" name="Default test" finished-at="2024-03-13T22:56:53 IST" duration-ms="20930">
      <class name="SeleniumChallenges._8_DragAndDrop">
        <test-method signature="dragAndDrop()[pri:0, instance:SeleniumChallenges._8_DragAndDrop@55b699ef]" started-at="2024-03-13T22:56:32 IST" name="dragAndDrop" finished-at="2024-03-13T22:56:53 IST" duration-ms="20850" status="PASS">
          <reporter-output>
          </reporter-output>
        </test-method> <!-- dragAndDrop -->
      </class> <!-- SeleniumChallenges._8_DragAndDrop -->
    </test> <!-- Default test -->
  </suite> <!-- Default suite -->
</testng-results>
